Using pre-set license
Built from '6000.1/staging' branch; Version is '6000.1.12f1 (da0c3ee78ee0) revision 14289982'; Using compiler version '194234433'; Build Type 'Release'
OS: 'Windows 11  (10.0.26100) 64bit Professional' Language: 'en' Physical Memory: 32581 MB
BatchMode: 1, IsHumanControllingUs: 0, StartBugReporterOnCrash: 0, Is64bit: 1, IsPro: 1
Date: 2025-07-21T09:05:13Z

COMMAND LINE ARGUMENTS:
F:\Aplikasi\Unity\6000.1.12f1\Editor\Unity.exe
-adb2
-batchMode
-noUpm
-name
AssetImportWorker4
-projectPath
D:/GameProject/TrashEvade
-logFile
Logs/AssetImportWorker4.log
-srvPort
61370
-job-worker-count
5
-background-job-worker-count
8
-gc-helper-count
1
-name
AssetImport
Successfully changed project path to: D:/GameProject/TrashEvade
D:/GameProject/TrashEvade
[UnityMemory] Configuration Parameters - Can be set up in boot.config
    "memorysetup-allocator-temp-initial-block-size-main=262144"
    "memorysetup-allocator-temp-initial-block-size-worker=262144"
    "memorysetup-bucket-allocator-granularity=16"
    "memorysetup-bucket-allocator-bucket-count=8"
    "memorysetup-bucket-allocator-block-size=33554432"
    "memorysetup-bucket-allocator-block-count=8"
    "memorysetup-main-allocator-block-size=16777216"
    "memorysetup-thread-allocator-block-size=16777216"
    "memorysetup-gfx-main-allocator-block-size=16777216"
    "memorysetup-gfx-thread-allocator-block-size=16777216"
    "memorysetup-cache-allocator-block-size=4194304"
    "memorysetup-typetree-allocator-block-size=2097152"
    "memorysetup-profiler-bucket-allocator-granularity=16"
    "memorysetup-profiler-bucket-allocator-bucket-count=8"
    "memorysetup-profiler-bucket-allocator-block-size=33554432"
    "memorysetup-profiler-bucket-allocator-block-count=8"
    "memorysetup-profiler-allocator-block-size=16777216"
    "memorysetup-profiler-editor-allocator-block-size=1048576"
    "memorysetup-temp-allocator-size-main=16777216"
    "memorysetup-job-temp-allocator-block-size=2097152"
    "memorysetup-job-temp-allocator-block-size-background=1048576"
    "memorysetup-job-temp-allocator-reduction-small-platforms=262144"
    "memorysetup-temp-allocator-size-background-worker=32768"
    "memorysetup-temp-allocator-size-job-worker=262144"
    "memorysetup-temp-allocator-size-preload-manager=33554432"
    "memorysetup-temp-allocator-size-nav-mesh-worker=65536"
    "memorysetup-temp-allocator-size-audio-worker=65536"
    "memorysetup-temp-allocator-size-cloud-worker=32768"
    "memorysetup-temp-allocator-size-gi-baking-worker=262144"
    "memorysetup-temp-allocator-size-gi-baking-worker=262144"
    "memorysetup-temp-allocator-size-gi-baking-worker=262144"
    "memorysetup-temp-allocator-size-gi-baking-worker=262144"
    "memorysetup-temp-allocator-size-gi-baking-worker=262144"
    "memorysetup-temp-allocator-size-gfx=262144"
Player connection [27472]  Target information:

Player connection [27472]  * "[IP] 192.168.100.20 [Port] 0 [Flags] 2 [Guid] 2952229498 [EditorId] 2952229498 [Version] 1048832 [Id] WindowsEditor(7,Krypton) [Debug] 1 [PackageName] WindowsEditor [ProjectName] Editor" 

Player connection [27472]  * "[IP] 172.16.0.2 [Port] 0 [Flags] 2 [Guid] 2952229498 [EditorId] 2952229498 [Version] 1048832 [Id] WindowsEditor(7,Krypton) [Debug] 1 [PackageName] WindowsEditor [ProjectName] Editor" 

Player connection [27472] Host joined multi-casting on [225.0.0.222:54997]...
Player connection [27472] Host joined alternative multi-casting on [225.0.0.222:34997]...
JobSystem: Creating JobQueue using job-worker-count value 5
Input System module state changed to: Initialized.
[Physics::Module] Initialized fallback backend.
[Physics::Module] Id: 0xdecafbad
Library Redirect Path: Library/
[Physics::Module] Selected backend.
[Physics::Module] Name: PhysX
[Physics::Module] Id: 0xf2b8ea05
[Physics::Module] SDK Version: 4.1.2
[Physics::Module] Integration Version: 1.0.0
[Physics::Module] Threading Mode: Multi-Threaded
Refreshing native plugins compatible for Editor in 85.27 ms, found 3 plugins.
Preloading 0 native plugins for Editor in 0.00 ms.
Initialize engine version: 6000.1.12f1 (da0c3ee78ee0)
[Subsystems] Discovering subsystems at path F:/Aplikasi/Unity/6000.1.12f1/Editor/Data/Resources/UnitySubsystems
[Subsystems] Discovering subsystems at path D:/GameProject/TrashEvade/Assets
GfxDevice: creating device client; kGfxThreadingModeNonThreaded
Direct3D:
    Version:         Direct3D 12 [level 12.1]
    Renderer:        NVIDIA GeForce RTX 2060 (ID=0x1e89)
    Vendor:          NVIDIA
    VRAM:            5945 MB
    App VRAM Budget: 5177 MB
    Driver:          32.0.15.7688
Initialize mono
Mono path[0] = 'F:/Aplikasi/Unity/6000.1.12f1/Editor/Data/Managed'
Mono path[1] = 'F:/Aplikasi/Unity/6000.1.12f1/Editor/Data/MonoBleedingEdge/lib/mono/unityjit-win32'
Mono config path = 'F:/Aplikasi/Unity/6000.1.12f1/Editor/Data/MonoBleedingEdge/etc'
Using monoOptions --debugger-agent=transport=dt_socket,embedding=1,server=y,suspend=n,address=127.0.0.1:56236
Begin MonoManager ReloadAssembly
Registering precompiled unity dll's ...
Register platform support module: F:/Aplikasi/Unity/6000.1.12f1/Editor/Data/PlaybackEngines/WebGLSupport/UnityEditor.WebGL.Extensions.dll
Register platform support module: F:/Aplikasi/Unity/6000.1.12f1/Editor/Data/PlaybackEngines/WindowsStandaloneSupport/UnityEditor.WindowsStandalone.Extensions.dll
Registered in 0.001418 seconds.
- Loaded All Assemblies, in  0.964 seconds
Native extension for WindowsStandalone target not found
Native extension for WebGL target not found
Mono: successfully reloaded assembly
- Finished resetting the current domain, in  0.298 seconds
Domain Reload Profiling: 1262ms
	BeginReloadAssembly (102ms)
		ExecutionOrderSort (0ms)
		DisableScriptedObjects (0ms)
		BackupInstance (0ms)
		ReleaseScriptingObjects (0ms)
		CreateAndSetChildDomain (1ms)
	RebuildCommonClasses (149ms)
	RebuildNativeTypeToScriptingClass (9ms)
	initialDomainReloadingComplete (35ms)
	LoadAllAssembliesAndSetupDomain (668ms)
		LoadAssemblies (101ms)
		RebuildTransferFunctionScriptingTraits (0ms)
		AnalyzeDomain (666ms)
			TypeCache.Refresh (664ms)
				TypeCache.ScanAssembly (654ms)
			BuildScriptInfoCaches (0ms)
			ResolveRequiredComponents (0ms)
	FinalizeReload (298ms)
		ReleaseScriptCaches (0ms)
		RebuildScriptCaches (0ms)
		SetupLoadedEditorAssemblies (261ms)
			LogAssemblyErrors (0ms)
			InitializePlatformSupportModulesInManaged (48ms)
			SetLoadedEditorAssemblies (3ms)
			BeforeProcessingInitializeOnLoad (55ms)
			ProcessInitializeOnLoadAttributes (106ms)
			ProcessInitializeOnLoadMethodAttributes (49ms)
			AfterProcessingInitializeOnLoad (0ms)
			EditorAssembliesLoaded (0ms)
		ExecutionOrderSort2 (0ms)
		AwakeInstancesAfterBackupRestoration (0ms)
========================================================================
Worker process is ready to serve import requests
Import Worker Mode flag is 0x00
Begin MonoManager ReloadAssembly
- Loaded All Assemblies, in  0.550 seconds
Refreshing native plugins compatible for Editor in 0.44 ms, found 3 plugins.
Native extension for WindowsStandalone target not found
Native extension for WebGL target not found
Mono: successfully reloaded assembly
- Finished resetting the current domain, in  0.462 seconds
Domain Reload Profiling: 1012ms
	BeginReloadAssembly (146ms)
		ExecutionOrderSort (0ms)
		DisableScriptedObjects (5ms)
		BackupInstance (0ms)
		ReleaseScriptingObjects (0ms)
		CreateAndSetChildDomain (23ms)
	RebuildCommonClasses (30ms)
	RebuildNativeTypeToScriptingClass (10ms)
	initialDomainReloadingComplete (29ms)
	LoadAllAssembliesAndSetupDomain (335ms)
		LoadAssemblies (224ms)
		RebuildTransferFunctionScriptingTraits (0ms)
		AnalyzeDomain (193ms)
			TypeCache.Refresh (165ms)
				TypeCache.ScanAssembly (109ms)
			BuildScriptInfoCaches (21ms)
			ResolveRequiredComponents (4ms)
	FinalizeReload (462ms)
		ReleaseScriptCaches (0ms)
		RebuildScriptCaches (0ms)
		SetupLoadedEditorAssemblies (371ms)
			LogAssemblyErrors (0ms)
			InitializePlatformSupportModulesInManaged (2ms)
			SetLoadedEditorAssemblies (3ms)
			BeforeProcessingInitializeOnLoad (77ms)
			ProcessInitializeOnLoadAttributes (264ms)
			ProcessInitializeOnLoadMethodAttributes (23ms)
			AfterProcessingInitializeOnLoad (2ms)
			EditorAssembliesLoaded (0ms)
		ExecutionOrderSort2 (0ms)
		AwakeInstancesAfterBackupRestoration (6ms)
Launched and connected shader compiler UnityShaderCompiler.exe after 0.04 seconds
Refreshing native plugins compatible for Editor in 0.57 ms, found 3 plugins.
Preloading 0 native plugins for Editor in 0.00 ms.
Unloading 0 Unused Serialized files (Serialized files now loaded: 0)
Unloading 3730 unused Assets / (1.1 MB). Loaded Objects now: 4222.
Memory consumption went from 82.8 MB to 81.7 MB.
Total: 4.391900 ms (FindLiveObjects: 0.286400 ms CreateObjectMapping: 0.220900 ms MarkObjects: 3.074700 ms  DeleteObjects: 0.808100 ms)

========================================================================
Received Import Request.
  Time since last request: 31421.251887 seconds.
  path: Assets/Mess Maker Free/Prefabs/High Poly/Cans/Beer Can Blue.prefab
  artifactKey: Guid(6b52fdac14b689b4bb073d05d46c6335) Importer(815301076,1909f56bfc062723c751e8b465ee728b)
Start importing Assets/Mess Maker Free/Prefabs/High Poly/Cans/Beer Can Blue.prefab using Guid(6b52fdac14b689b4bb073d05d46c6335) Importer(815301076,1909f56bfc062723c751e8b465ee728b) (PreviewImporter) -> (artifact id: 'eb5704e48703afef27799ad81bc82afc') in 0.1584672 seconds
Number of updated asset objects reloaded before import = 0Number of asset objects unloaded after import = 17

========================================================================
Received Import Request.
  Time since last request: 5.852730 seconds.
  path: Assets/Mess Maker Free/Prefabs/High Poly/Glass Bottles/Beer Bottle Blue with Label.prefab
  artifactKey: Guid(adffeaf7a5f1f6a49b3d7d275ca84f2e) Importer(815301076,1909f56bfc062723c751e8b465ee728b)
Start importing Assets/Mess Maker Free/Prefabs/High Poly/Glass Bottles/Beer Bottle Blue with Label.prefab using Guid(adffeaf7a5f1f6a49b3d7d275ca84f2e) Importer(815301076,1909f56bfc062723c751e8b465ee728b) (PreviewImporter) -> (artifact id: '1d6b9aadc3f0629aaa4029499caea58e') in 0.0568535 seconds
Number of updated asset objects reloaded before import = 0Number of asset objects unloaded after import = 17

========================================================================
Received Import Request.
  Time since last request: 0.000024 seconds.
  path: Assets/Mess Maker Free/Prefabs/High Poly/Glass Bottles/Vodka Bottle with label.prefab
  artifactKey: Guid(339314c23caf8624c92e84209ddaac73) Importer(815301076,1909f56bfc062723c751e8b465ee728b)
Start importing Assets/Mess Maker Free/Prefabs/High Poly/Glass Bottles/Vodka Bottle with label.prefab using Guid(339314c23caf8624c92e84209ddaac73) Importer(815301076,1909f56bfc062723c751e8b465ee728b) (PreviewImporter) -> (artifact id: '541e1d427e33a448892f05fde731b8e6') in 0.0221087 seconds
Number of updated asset objects reloaded before import = 0Number of asset objects unloaded after import = 17

========================================================================
Received Import Request.
  Time since last request: 0.000026 seconds.
  path: Assets/Mess Maker Free/Prefabs/High Poly/Glass Bottles/Wine Bottle Green Broke.prefab
  artifactKey: Guid(3821453175ca30243b7074a7311765aa) Importer(815301076,1909f56bfc062723c751e8b465ee728b)
Start importing Assets/Mess Maker Free/Prefabs/High Poly/Glass Bottles/Wine Bottle Green Broke.prefab using Guid(3821453175ca30243b7074a7311765aa) Importer(815301076,1909f56bfc062723c751e8b465ee728b) (PreviewImporter) -> (artifact id: '55543dcbd69f51d407efb79c8a921043') in 0.020754 seconds
Number of updated asset objects reloaded before import = 0Number of asset objects unloaded after import = 10

========================================================================
Received Import Request.
  Time since last request: 0.000015 seconds.
  path: Assets/Mess Maker Free/Prefabs/High Poly/Glass Bottles/Wine Bottle Red with Label.prefab
  artifactKey: Guid(00ebca87e53d6fe4293c88f252496dec) Importer(815301076,1909f56bfc062723c751e8b465ee728b)
Start importing Assets/Mess Maker Free/Prefabs/High Poly/Glass Bottles/Wine Bottle Red with Label.prefab using Guid(00ebca87e53d6fe4293c88f252496dec) Importer(815301076,1909f56bfc062723c751e8b465ee728b) (PreviewImporter) -> (artifact id: '44a148273fed40740dd54eb98a50f78b') in 0.043777 seconds
Number of updated asset objects reloaded before import = 0Number of asset objects unloaded after import = 17

========================================================================
Received Import Request.
  Time since last request: 23.486416 seconds.
  path: Assets/Prefabs/Anorganik/Wine Bottle Red with Label.prefab
  artifactKey: Guid(090e9af4ef31c9443bbbba983d2f021b) Importer(815301076,1909f56bfc062723c751e8b465ee728b)
Start importing Assets/Prefabs/Anorganik/Wine Bottle Red with Label.prefab using Guid(090e9af4ef31c9443bbbba983d2f021b) Importer(815301076,1909f56bfc062723c751e8b465ee728b) (PreviewImporter) -> (artifact id: '83afe09e1b42abebf0ae98c275267a5e') in 0.0106441 seconds
Number of updated asset objects reloaded before import = 0Number of asset objects unloaded after import = 17

========================================================================
Received Import Request.
  Time since last request: 0.008525 seconds.
  path: Assets/Prefabs/Anorganik/Beer Bottle Red with Label.prefab
  artifactKey: Guid(7286727c1c3aba049a5361ad095c521b) Importer(815301076,1909f56bfc062723c751e8b465ee728b)
Start importing Assets/Prefabs/Anorganik/Beer Bottle Red with Label.prefab using Guid(7286727c1c3aba049a5361ad095c521b) Importer(815301076,1909f56bfc062723c751e8b465ee728b) (PreviewImporter) -> (artifact id: 'a2ed08d88d681e245aa64561a6353b49') in 0.0174648 seconds
Number of updated asset objects reloaded before import = 0Number of asset objects unloaded after import = 17

========================================================================
Received Import Request.
  Time since last request: 6.189091 seconds.
  path: Assets/Mess Maker Free/Prefabs/High Poly/Porcelin and Pottery/Broken Plate.prefab
  artifactKey: Guid(4d623f0f3b0a1864f8e1dfe22751e4e1) Importer(815301076,1909f56bfc062723c751e8b465ee728b)
Start importing Assets/Mess Maker Free/Prefabs/High Poly/Porcelin and Pottery/Broken Plate.prefab using Guid(4d623f0f3b0a1864f8e1dfe22751e4e1) Importer(815301076,1909f56bfc062723c751e8b465ee728b) (PreviewImporter) -> (artifact id: 'af9db833b12af7cff3a2a971ec073aeb') in 0.0165889 seconds
Number of updated asset objects reloaded before import = 0Number of asset objects unloaded after import = 10

========================================================================
Received Import Request.
  Time since last request: 0.001554 seconds.
  path: Assets/Mess Maker Free/Prefabs/High Poly/Porcelin and Pottery/Mug White.prefab
  artifactKey: Guid(bd0d4897a6517e64ca6c38ed50bfe5d2) Importer(815301076,1909f56bfc062723c751e8b465ee728b)
Start importing Assets/Mess Maker Free/Prefabs/High Poly/Porcelin and Pottery/Mug White.prefab using Guid(bd0d4897a6517e64ca6c38ed50bfe5d2) Importer(815301076,1909f56bfc062723c751e8b465ee728b) (PreviewImporter) -> (artifact id: '6e8288391eee48f2682a38fd43056715') in 0.0177202 seconds
Number of updated asset objects reloaded before import = 0Number of asset objects unloaded after import = 10

========================================================================
Received Import Request.
  Time since last request: 0.000027 seconds.
  path: Assets/Mess Maker Free/Prefabs/High Poly/Porcelin and Pottery/Mug Wood.prefab
  artifactKey: Guid(0c151e8b229a7e34ab8f87c12c618a32) Importer(815301076,1909f56bfc062723c751e8b465ee728b)
Start importing Assets/Mess Maker Free/Prefabs/High Poly/Porcelin and Pottery/Mug Wood.prefab using Guid(0c151e8b229a7e34ab8f87c12c618a32) Importer(815301076,1909f56bfc062723c751e8b465ee728b) (PreviewImporter) -> (artifact id: '51d7923e90edd6f41221b2900752c42e') in 0.0916597 seconds
Number of updated asset objects reloaded before import = 0Number of asset objects unloaded after import = 12

========================================================================
Received Import Request.
  Time since last request: 14.601282 seconds.
  path: Assets/Food Pack-Demo/Mesh/Bell pepper green.fbx
  artifactKey: Guid(b2bd321d9d4d86f4abfd6229b2605d1d) Importer(815301076,1909f56bfc062723c751e8b465ee728b)
Start importing Assets/Food Pack-Demo/Mesh/Bell pepper green.fbx using Guid(b2bd321d9d4d86f4abfd6229b2605d1d) Importer(815301076,1909f56bfc062723c751e8b465ee728b) (PreviewImporter) -> (artifact id: 'de014c3430e2ee68f5884c841afb37bd') in 0.0748885 seconds
Number of updated asset objects reloaded before import = 0Number of asset objects unloaded after import = 7

========================================================================
Received Import Request.
  Time since last request: 0.000034 seconds.
  path: Assets/Food Pack-Demo/Mesh/Cookies.fbx
  artifactKey: Guid(de25594e1cb8efe459c8e2967beff6cd) Importer(815301076,1909f56bfc062723c751e8b465ee728b)
Start importing Assets/Food Pack-Demo/Mesh/Cookies.fbx using Guid(de25594e1cb8efe459c8e2967beff6cd) Importer(815301076,1909f56bfc062723c751e8b465ee728b) (PreviewImporter) -> (artifact id: '766b54c6f3de030bde430ad6e0e5b93f') in 0.0239329 seconds
Number of updated asset objects reloaded before import = 0Number of asset objects unloaded after import = 7

========================================================================
Received Import Request.
  Time since last request: 0.000059 seconds.
  path: Assets/Food Pack-Demo/Mesh/Frappe B.fbx
  artifactKey: Guid(2c5f7338ca981914d95bd056f366d9b1) Importer(815301076,1909f56bfc062723c751e8b465ee728b)
Start importing Assets/Food Pack-Demo/Mesh/Frappe B.fbx using Guid(2c5f7338ca981914d95bd056f366d9b1) Importer(815301076,1909f56bfc062723c751e8b465ee728b) (PreviewImporter) -> (artifact id: '8e811ff99edd11fd960702eb1e06acef') in 0.0248325 seconds
Number of updated asset objects reloaded before import = 0Number of asset objects unloaded after import = 7

========================================================================
Received Import Request.
  Time since last request: 0.000017 seconds.
  path: Assets/Food Pack-Demo/Mesh/Ketchup Plastic Bottle.fbx
  artifactKey: Guid(1b1f25b6ff8d25a4f8a6f4ba7363f755) Importer(815301076,1909f56bfc062723c751e8b465ee728b)
Start importing Assets/Food Pack-Demo/Mesh/Ketchup Plastic Bottle.fbx using Guid(1b1f25b6ff8d25a4f8a6f4ba7363f755) Importer(815301076,1909f56bfc062723c751e8b465ee728b) (PreviewImporter) -> (artifact id: 'fa07476c5cd0bf02b859e797d2a1efdc') in 0.0219607 seconds
Number of updated asset objects reloaded before import = 0Number of asset objects unloaded after import = 7

========================================================================
Received Import Request.
  Time since last request: 0.000016 seconds.
  path: Assets/Food Pack-Demo/Mesh/Melon.fbx
  artifactKey: Guid(b648bf4121327d14d8aec7a994b806e6) Importer(815301076,1909f56bfc062723c751e8b465ee728b)
Start importing Assets/Food Pack-Demo/Mesh/Melon.fbx using Guid(b648bf4121327d14d8aec7a994b806e6) Importer(815301076,1909f56bfc062723c751e8b465ee728b) (PreviewImporter) -> (artifact id: 'a08fa7d02f65c3b666a23bbee5cf69dc') in 0.0205457 seconds
Number of updated asset objects reloaded before import = 0Number of asset objects unloaded after import = 7

========================================================================
Received Import Request.
  Time since last request: 0.000017 seconds.
  path: Assets/Food Pack-Demo/Mesh/Melon half.fbx
  artifactKey: Guid(213c5fc6d0f35ad40961a09b076dfcb7) Importer(815301076,1909f56bfc062723c751e8b465ee728b)
Start importing Assets/Food Pack-Demo/Mesh/Melon half.fbx using Guid(213c5fc6d0f35ad40961a09b076dfcb7) Importer(815301076,1909f56bfc062723c751e8b465ee728b) (PreviewImporter) -> (artifact id: '6350f89fce103de83b7949326c552902') in 0.0224989 seconds
Number of updated asset objects reloaded before import = 0Number of asset objects unloaded after import = 7

========================================================================
Received Import Request.
  Time since last request: 0.000036 seconds.
  path: Assets/Food Pack-Demo/Mesh/Peach half with seed.fbx
  artifactKey: Guid(b0c5223077e7edc4c86e4e00d9c757ee) Importer(815301076,1909f56bfc062723c751e8b465ee728b)
Start importing Assets/Food Pack-Demo/Mesh/Peach half with seed.fbx using Guid(b0c5223077e7edc4c86e4e00d9c757ee) Importer(815301076,1909f56bfc062723c751e8b465ee728b) (PreviewImporter) -> (artifact id: 'cb30a400e19436682a1c5ec555af3a87') in 0.0207596 seconds
Number of updated asset objects reloaded before import = 0Number of asset objects unloaded after import = 7

========================================================================
Received Import Request.
  Time since last request: 0.000014 seconds.
  path: Assets/Food Pack-Demo/Mesh/Pretzel.fbx
  artifactKey: Guid(6518c43883174f6499223d97acee02aa) Importer(815301076,1909f56bfc062723c751e8b465ee728b)
Start importing Assets/Food Pack-Demo/Mesh/Pretzel.fbx using Guid(6518c43883174f6499223d97acee02aa) Importer(815301076,1909f56bfc062723c751e8b465ee728b) (PreviewImporter) -> (artifact id: 'e0f67a1753a65b10be57db7dcadbf7c2') in 0.0223884 seconds
Number of updated asset objects reloaded before import = 0Number of asset objects unloaded after import = 7

========================================================================
Received Import Request.
  Time since last request: 0.000018 seconds.
  path: Assets/Food Pack-Demo/Mesh/Salami A.fbx
  artifactKey: Guid(3bc9d63909ed48241b8846cf2fdef9ea) Importer(815301076,1909f56bfc062723c751e8b465ee728b)
Start importing Assets/Food Pack-Demo/Mesh/Salami A.fbx using Guid(3bc9d63909ed48241b8846cf2fdef9ea) Importer(815301076,1909f56bfc062723c751e8b465ee728b) (PreviewImporter) -> (artifact id: 'c340fcc8c984e12206c7e4213fbf9530') in 0.0206328 seconds
Number of updated asset objects reloaded before import = 0Number of asset objects unloaded after import = 7

========================================================================
Received Import Request.
  Time since last request: 0.000018 seconds.
  path: Assets/Food Pack-Demo/Mesh/Peach slice.fbx
  artifactKey: Guid(38373e16bfc1c5a4085a26440a7a0cb2) Importer(815301076,1909f56bfc062723c751e8b465ee728b)
Start importing Assets/Food Pack-Demo/Mesh/Peach slice.fbx using Guid(38373e16bfc1c5a4085a26440a7a0cb2) Importer(815301076,1909f56bfc062723c751e8b465ee728b) (PreviewImporter) -> (artifact id: 'a1b81db344d87a17d99968de53b16ef4') in 0.0229541 seconds
Number of updated asset objects reloaded before import = 0Number of asset objects unloaded after import = 7

========================================================================
Received Import Request.
  Time since last request: 0.000019 seconds.
  path: Assets/Food Pack-Demo/Mesh/Sake cup C.fbx
  artifactKey: Guid(6430ec2e0c912a24ea107f474c0d1b94) Importer(815301076,1909f56bfc062723c751e8b465ee728b)
Start importing Assets/Food Pack-Demo/Mesh/Sake cup C.fbx using Guid(6430ec2e0c912a24ea107f474c0d1b94) Importer(815301076,1909f56bfc062723c751e8b465ee728b) (PreviewImporter) -> (artifact id: '183eb01759f3dfb5d4f7452e7b044d48') in 0.0228467 seconds
Number of updated asset objects reloaded before import = 0Number of asset objects unloaded after import = 7

========================================================================
Received Import Request.
  Time since last request: 0.000017 seconds.
  path: Assets/Food Pack-Demo/Mesh/Skewer C.fbx
  artifactKey: Guid(2797f8c24de11d745b8f289b3fa1131b) Importer(815301076,1909f56bfc062723c751e8b465ee728b)
Start importing Assets/Food Pack-Demo/Mesh/Skewer C.fbx using Guid(2797f8c24de11d745b8f289b3fa1131b) Importer(815301076,1909f56bfc062723c751e8b465ee728b) (PreviewImporter) -> (artifact id: '83088bae08762060e9110a28bc3b7d43') in 0.0232741 seconds
Number of updated asset objects reloaded before import = 0Number of asset objects unloaded after import = 7

========================================================================
Received Import Request.
  Time since last request: 0.000021 seconds.
  path: Assets/Food Pack-Demo/Mesh/Tomato Half.fbx
  artifactKey: Guid(c3efed6caca157b498300aade43994b9) Importer(815301076,1909f56bfc062723c751e8b465ee728b)
Start importing Assets/Food Pack-Demo/Mesh/Tomato Half.fbx using Guid(c3efed6caca157b498300aade43994b9) Importer(815301076,1909f56bfc062723c751e8b465ee728b) (PreviewImporter) -> (artifact id: 'fb45076d12167d435dd117ed45d60270') in 0.0229355 seconds
Number of updated asset objects reloaded before import = 0Number of asset objects unloaded after import = 7

========================================================================
Received Import Request.
  Time since last request: 0.000024 seconds.
  path: Assets/Food Pack-Demo/Mesh/Unagi.fbx
  artifactKey: Guid(85ec0bf98339b9a408044de2cae26e2f) Importer(815301076,1909f56bfc062723c751e8b465ee728b)
Start importing Assets/Food Pack-Demo/Mesh/Unagi.fbx using Guid(85ec0bf98339b9a408044de2cae26e2f) Importer(815301076,1909f56bfc062723c751e8b465ee728b) (PreviewImporter) -> (artifact id: 'baeb8e97ddb7b0f928bb91399a5c4a02') in 0.0582448 seconds
Number of updated asset objects reloaded before import = 0Number of asset objects unloaded after import = 7

========================================================================
Received Import Request.
  Time since last request: 0.000017 seconds.
  path: Assets/Food Pack-Demo/Mesh/Chopsticks B.fbx
  artifactKey: Guid(8a638df0cb613a1468a3e1cbd713bd2d) Importer(815301076,1909f56bfc062723c751e8b465ee728b)
Start importing Assets/Food Pack-Demo/Mesh/Chopsticks B.fbx using Guid(8a638df0cb613a1468a3e1cbd713bd2d) Importer(815301076,1909f56bfc062723c751e8b465ee728b) (PreviewImporter) -> (artifact id: '0c3f830e6160a1378df9d5c96b22b496') in 0.0529231 seconds
Number of updated asset objects reloaded before import = 0Number of asset objects unloaded after import = 7

========================================================================
Received Import Request.
  Time since last request: 0.000016 seconds.
  path: Assets/Food Pack-Demo/Mesh/Salami cut A.fbx
  artifactKey: Guid(601422f08d730974ba9474adf89a2fd5) Importer(815301076,1909f56bfc062723c751e8b465ee728b)
Start importing Assets/Food Pack-Demo/Mesh/Salami cut A.fbx using Guid(601422f08d730974ba9474adf89a2fd5) Importer(815301076,1909f56bfc062723c751e8b465ee728b) (PreviewImporter) -> (artifact id: '93adaf1e64890b2f00ac7207c56bcce4') in 0.0224999 seconds
Number of updated asset objects reloaded before import = 0Number of asset objects unloaded after import = 7

========================================================================
Received Import Request.
  Time since last request: 0.000017 seconds.
  path: Assets/Food Pack-Demo/Mesh/Salmon Cut.fbx
  artifactKey: Guid(ab3b2774430560748b35a67704cdf368) Importer(815301076,1909f56bfc062723c751e8b465ee728b)
Start importing Assets/Food Pack-Demo/Mesh/Salmon Cut.fbx using Guid(ab3b2774430560748b35a67704cdf368) Importer(815301076,1909f56bfc062723c751e8b465ee728b) (PreviewImporter) -> (artifact id: 'fa46feb3442f20277432f8406e77499a') in 0.0479941 seconds
Number of updated asset objects reloaded before import = 0Number of asset objects unloaded after import = 7

========================================================================
Received Import Request.
  Time since last request: 0.000014 seconds.
  path: Assets/Food Pack-Demo/Mesh/Doughnut D.fbx
  artifactKey: Guid(1339464f1b5371e4787d4d9939f274df) Importer(815301076,1909f56bfc062723c751e8b465ee728b)
Start importing Assets/Food Pack-Demo/Mesh/Doughnut D.fbx using Guid(1339464f1b5371e4787d4d9939f274df) Importer(815301076,1909f56bfc062723c751e8b465ee728b) (PreviewImporter) -> (artifact id: '3bdbe2e477d588a05dcd367010654f99') in 0.0456545 seconds
Number of updated asset objects reloaded before import = 0Number of asset objects unloaded after import = 7

========================================================================
Received Import Request.
  Time since last request: 0.528199 seconds.
  path: Assets/Food Pack-Demo/Prefabs/Bell pepper green.prefab
  artifactKey: Guid(68cb6e858d2953e4c8693b634a033386) Importer(815301076,1909f56bfc062723c751e8b465ee728b)
Start importing Assets/Food Pack-Demo/Prefabs/Bell pepper green.prefab using Guid(68cb6e858d2953e4c8693b634a033386) Importer(815301076,1909f56bfc062723c751e8b465ee728b) (PreviewImporter) -> (artifact id: 'e54520619a8fa97629b45fd83383bf8c') in 0.0574189 seconds
Number of updated asset objects reloaded before import = 0Number of asset objects unloaded after import = 9

========================================================================
Received Import Request.
  Time since last request: 0.000018 seconds.
  path: Assets/Food Pack-Demo/Prefabs/Chopsticks B.prefab
  artifactKey: Guid(57eac44584c071d4d8ef40566756f86c) Importer(815301076,1909f56bfc062723c751e8b465ee728b)
Start importing Assets/Food Pack-Demo/Prefabs/Chopsticks B.prefab using Guid(57eac44584c071d4d8ef40566756f86c) Importer(815301076,1909f56bfc062723c751e8b465ee728b) (PreviewImporter) -> (artifact id: '2a05efb2abd7c23d80032bca557e7a18') in 0.0145347 seconds
Number of updated asset objects reloaded before import = 0Number of asset objects unloaded after import = 9

========================================================================
Received Import Request.
  Time since last request: 0.000015 seconds.
  path: Assets/Food Pack-Demo/Prefabs/Coffee Cup C.prefab
  artifactKey: Guid(9618ee5198d5bc14690b61b995f89590) Importer(815301076,1909f56bfc062723c751e8b465ee728b)
Start importing Assets/Food Pack-Demo/Prefabs/Coffee Cup C.prefab using Guid(9618ee5198d5bc14690b61b995f89590) Importer(815301076,1909f56bfc062723c751e8b465ee728b) (PreviewImporter) -> (artifact id: '6ed03fc709ef1e166e493531feb34a41') in 0.0148397 seconds
Number of updated asset objects reloaded before import = 0Number of asset objects unloaded after import = 9

========================================================================
Received Import Request.
  Time since last request: 0.000025 seconds.
  path: Assets/Food Pack-Demo/Prefabs/Frappe B.prefab
  artifactKey: Guid(80568ac56eee4324c9e6b89e04fdcb80) Importer(815301076,1909f56bfc062723c751e8b465ee728b)
Start importing Assets/Food Pack-Demo/Prefabs/Frappe B.prefab using Guid(80568ac56eee4324c9e6b89e04fdcb80) Importer(815301076,1909f56bfc062723c751e8b465ee728b) (PreviewImporter) -> (artifact id: '498be5186e9ac65ca87e8413784145b1') in 0.0144533 seconds
Number of updated asset objects reloaded before import = 0Number of asset objects unloaded after import = 10

========================================================================
Received Import Request.
  Time since last request: 0.000028 seconds.
  path: Assets/Food Pack-Demo/Prefabs/Ketchup Plastic Bottle.prefab
  artifactKey: Guid(739858efac64efd428120d3808c65b43) Importer(815301076,1909f56bfc062723c751e8b465ee728b)
Start importing Assets/Food Pack-Demo/Prefabs/Ketchup Plastic Bottle.prefab using Guid(739858efac64efd428120d3808c65b43) Importer(815301076,1909f56bfc062723c751e8b465ee728b) (PreviewImporter) -> (artifact id: '9b77ec55023e1a72204255d66b6e4dd6') in 0.0139707 seconds
Number of updated asset objects reloaded before import = 0Number of asset objects unloaded after import = 9

========================================================================
Received Import Request.
  Time since last request: 0.000019 seconds.
  path: Assets/Food Pack-Demo/Prefabs/Lamb Chop Cooked.prefab
  artifactKey: Guid(44b8404b36524d8498b3c9305721f977) Importer(815301076,1909f56bfc062723c751e8b465ee728b)
Start importing Assets/Food Pack-Demo/Prefabs/Lamb Chop Cooked.prefab using Guid(44b8404b36524d8498b3c9305721f977) Importer(815301076,1909f56bfc062723c751e8b465ee728b) (PreviewImporter) -> (artifact id: 'b1bb6d2b77c0692599206eb95bb255fe') in 0.0137836 seconds
Number of updated asset objects reloaded before import = 0Number of asset objects unloaded after import = 9

========================================================================
Received Import Request.
  Time since last request: 0.000017 seconds.
  path: Assets/Food Pack-Demo/Prefabs/Melon.prefab
  artifactKey: Guid(2c49621a8650a60459ee1c1548bee1d4) Importer(815301076,1909f56bfc062723c751e8b465ee728b)
Start importing Assets/Food Pack-Demo/Prefabs/Melon.prefab using Guid(2c49621a8650a60459ee1c1548bee1d4) Importer(815301076,1909f56bfc062723c751e8b465ee728b) (PreviewImporter) -> (artifact id: '24fdd7f1c68b272361b7dbd8dcf75aef') in 0.013915 seconds
Number of updated asset objects reloaded before import = 0Number of asset objects unloaded after import = 9

========================================================================
Received Import Request.
  Time since last request: 0.000022 seconds.
  path: Assets/Food Pack-Demo/Prefabs/Melon Piece.prefab
  artifactKey: Guid(7097ad9a888dd99458dca648bfbe4c7d) Importer(815301076,1909f56bfc062723c751e8b465ee728b)
Start importing Assets/Food Pack-Demo/Prefabs/Melon Piece.prefab using Guid(7097ad9a888dd99458dca648bfbe4c7d) Importer(815301076,1909f56bfc062723c751e8b465ee728b) (PreviewImporter) -> (artifact id: 'f6923af7699fe55b66aa41bd7d90384a') in 0.0139197 seconds
Number of updated asset objects reloaded before import = 0Number of asset objects unloaded after import = 9

========================================================================
Received Import Request.
  Time since last request: 0.000017 seconds.
  path: Assets/Food Pack-Demo/Prefabs/Lamb leg.prefab
  artifactKey: Guid(8dc465f46b6c8b242be3b0a23bd18bf1) Importer(815301076,1909f56bfc062723c751e8b465ee728b)
Start importing Assets/Food Pack-Demo/Prefabs/Lamb leg.prefab using Guid(8dc465f46b6c8b242be3b0a23bd18bf1) Importer(815301076,1909f56bfc062723c751e8b465ee728b) (PreviewImporter) -> (artifact id: 'adeb2e56011b8af61e596da6733c9313') in 0.0137316 seconds
Number of updated asset objects reloaded before import = 0Number of asset objects unloaded after import = 9

========================================================================
Received Import Request.
  Time since last request: 0.000018 seconds.
  path: Assets/Food Pack-Demo/Prefabs/Pizza Margarita.prefab
  artifactKey: Guid(0c0ea431ace4f624895e2c41a184d71c) Importer(815301076,1909f56bfc062723c751e8b465ee728b)
Start importing Assets/Food Pack-Demo/Prefabs/Pizza Margarita.prefab using Guid(0c0ea431ace4f624895e2c41a184d71c) Importer(815301076,1909f56bfc062723c751e8b465ee728b) (PreviewImporter) -> (artifact id: '378bd0dc9f9fc24c91b5768598b8d2f7') in 0.0143146 seconds
Number of updated asset objects reloaded before import = 0Number of asset objects unloaded after import = 9

========================================================================
Received Import Request.
  Time since last request: 0.000019 seconds.
  path: Assets/Food Pack-Demo/Prefabs/Peach half with seed.prefab
  artifactKey: Guid(0ee3df7facab76a4f8e417d21e25e98f) Importer(815301076,1909f56bfc062723c751e8b465ee728b)
Start importing Assets/Food Pack-Demo/Prefabs/Peach half with seed.prefab using Guid(0ee3df7facab76a4f8e417d21e25e98f) Importer(815301076,1909f56bfc062723c751e8b465ee728b) (PreviewImporter) -> (artifact id: '9ede1b893698b25185c26d004b712355') in 0.0135065 seconds
Number of updated asset objects reloaded before import = 0Number of asset objects unloaded after import = 9

========================================================================
Received Import Request.
  Time since last request: 0.000021 seconds.
  path: Assets/Food Pack-Demo/Prefabs/Sake Pot C.prefab
  artifactKey: Guid(c5e6f07f5115f5746840026cbd44ec82) Importer(815301076,1909f56bfc062723c751e8b465ee728b)
Start importing Assets/Food Pack-Demo/Prefabs/Sake Pot C.prefab using Guid(c5e6f07f5115f5746840026cbd44ec82) Importer(815301076,1909f56bfc062723c751e8b465ee728b) (PreviewImporter) -> (artifact id: '09420757496f50f41cdb1215e8ade356') in 0.0142108 seconds
Number of updated asset objects reloaded before import = 0Number of asset objects unloaded after import = 9

========================================================================
Received Import Request.
  Time since last request: 0.000021 seconds.
  path: Assets/Food Pack-Demo/Prefabs/Salami A.prefab
  artifactKey: Guid(ef03a6620aa3c864592f399083c51fa2) Importer(815301076,1909f56bfc062723c751e8b465ee728b)
Start importing Assets/Food Pack-Demo/Prefabs/Salami A.prefab using Guid(ef03a6620aa3c864592f399083c51fa2) Importer(815301076,1909f56bfc062723c751e8b465ee728b) (PreviewImporter) -> (artifact id: '9612b63bd101b0c5f687354898366b0e') in 0.0129685 seconds
Number of updated asset objects reloaded before import = 0Number of asset objects unloaded after import = 9

========================================================================
Received Import Request.
  Time since last request: 0.000017 seconds.
  path: Assets/Food Pack-Demo/Prefabs/Salmon.prefab
  artifactKey: Guid(3a245daa6cb83334d8a55a5e90125b88) Importer(815301076,1909f56bfc062723c751e8b465ee728b)
Start importing Assets/Food Pack-Demo/Prefabs/Salmon.prefab using Guid(3a245daa6cb83334d8a55a5e90125b88) Importer(815301076,1909f56bfc062723c751e8b465ee728b) (PreviewImporter) -> (artifact id: '017fce6eefccfa819e8c19d2a5411676') in 0.0141173 seconds
Number of updated asset objects reloaded before import = 0Number of asset objects unloaded after import = 9

========================================================================
Received Import Request.
  Time since last request: 0.000018 seconds.
  path: Assets/Food Pack-Demo/Prefabs/Salmon Cut.prefab
  artifactKey: Guid(3033aaa6052ed4b40b0f4d7b951b5095) Importer(815301076,1909f56bfc062723c751e8b465ee728b)
Start importing Assets/Food Pack-Demo/Prefabs/Salmon Cut.prefab using Guid(3033aaa6052ed4b40b0f4d7b951b5095) Importer(815301076,1909f56bfc062723c751e8b465ee728b) (PreviewImporter) -> (artifact id: 'fa85e6dd908f021e7f8b6a4130550fc0') in 0.0131842 seconds
Number of updated asset objects reloaded before import = 0Number of asset objects unloaded after import = 9

========================================================================
Received Import Request.
  Time since last request: 0.000017 seconds.
  path: Assets/Food Pack-Demo/Prefabs/Salmon skeleton.prefab
  artifactKey: Guid(685c0fc5fa8b9c04ca226db350611cc7) Importer(815301076,1909f56bfc062723c751e8b465ee728b)
Start importing Assets/Food Pack-Demo/Prefabs/Salmon skeleton.prefab using Guid(685c0fc5fa8b9c04ca226db350611cc7) Importer(815301076,1909f56bfc062723c751e8b465ee728b) (PreviewImporter) -> (artifact id: '4873fecf263dc119fc50293b3ed3b50b') in 0.0131416 seconds
Number of updated asset objects reloaded before import = 0Number of asset objects unloaded after import = 9

========================================================================
Received Import Request.
  Time since last request: 0.000017 seconds.
  path: Assets/Food Pack-Demo/Prefabs/Soda bottle Glass A.prefab
  artifactKey: Guid(0b6e65f0fca42c647855eb8962efa3df) Importer(815301076,1909f56bfc062723c751e8b465ee728b)
Start importing Assets/Food Pack-Demo/Prefabs/Soda bottle Glass A.prefab using Guid(0b6e65f0fca42c647855eb8962efa3df) Importer(815301076,1909f56bfc062723c751e8b465ee728b) (PreviewImporter) -> (artifact id: '4f5eec9fa64e69613558ef68aacda42d') in 0.0133413 seconds
Number of updated asset objects reloaded before import = 0Number of asset objects unloaded after import = 10

========================================================================
Received Import Request.
  Time since last request: 0.003446 seconds.
  path: Assets/Food Pack-Demo/Prefabs/Tamago.prefab
  artifactKey: Guid(8ecb5feff6a409a4b98498c13fe52d5e) Importer(815301076,1909f56bfc062723c751e8b465ee728b)
Start importing Assets/Food Pack-Demo/Prefabs/Tamago.prefab using Guid(8ecb5feff6a409a4b98498c13fe52d5e) Importer(815301076,1909f56bfc062723c751e8b465ee728b) (PreviewImporter) -> (artifact id: '14dff403b1ffe0129b2b418907587fe0') in 0.0128114 seconds
Number of updated asset objects reloaded before import = 0Number of asset objects unloaded after import = 9

========================================================================
Received Import Request.
  Time since last request: 0.005205 seconds.
  path: Assets/Food Pack-Demo/Prefabs/Tomato Quarter.prefab
  artifactKey: Guid(0033046e0c84a0746ae7eeb32282a7c8) Importer(815301076,1909f56bfc062723c751e8b465ee728b)
Start importing Assets/Food Pack-Demo/Prefabs/Tomato Quarter.prefab using Guid(0033046e0c84a0746ae7eeb32282a7c8) Importer(815301076,1909f56bfc062723c751e8b465ee728b) (PreviewImporter) -> (artifact id: 'a2ef62f733781ad12b05e3087676cb42') in 0.0288851 seconds
Number of updated asset objects reloaded before import = 0Number of asset objects unloaded after import = 9

========================================================================
Received Import Request.
  Time since last request: 0.000017 seconds.
  path: Assets/Food Pack-Demo/Prefabs/Wasabi.prefab
  artifactKey: Guid(25de3c6a9e21111478797ddd16d93022) Importer(815301076,1909f56bfc062723c751e8b465ee728b)
Start importing Assets/Food Pack-Demo/Prefabs/Wasabi.prefab using Guid(25de3c6a9e21111478797ddd16d93022) Importer(815301076,1909f56bfc062723c751e8b465ee728b) (PreviewImporter) -> (artifact id: 'b8f726ee3afb586405f73a23f8092823') in 0.0285527 seconds
Number of updated asset objects reloaded before import = 0Number of asset objects unloaded after import = 9

========================================================================
Received Import Request.
  Time since last request: 31.775723 seconds.
  path: Assets/Prefabs/Organik/Doughnut D.prefab
  artifactKey: Guid(244311bc3bab2f94b8c304f9de41597c) Importer(815301076,1909f56bfc062723c751e8b465ee728b)
Start importing Assets/Prefabs/Organik/Doughnut D.prefab using Guid(244311bc3bab2f94b8c304f9de41597c) Importer(815301076,1909f56bfc062723c751e8b465ee728b) (PreviewImporter) -> (artifact id: '261231bf710625b711d0dd3bb30d4d10') in 0.0090983 seconds
Number of updated asset objects reloaded before import = 0Number of asset objects unloaded after import = 9

========================================================================
Received Import Request.
  Time since last request: 0.009251 seconds.
  path: Assets/Prefabs/Organik/Doughnut H.prefab
  artifactKey: Guid(67e8561c1d7e9c3418fac376e607ac5d) Importer(815301076,1909f56bfc062723c751e8b465ee728b)
Start importing Assets/Prefabs/Organik/Doughnut H.prefab using Guid(67e8561c1d7e9c3418fac376e607ac5d) Importer(815301076,1909f56bfc062723c751e8b465ee728b) (PreviewImporter) -> (artifact id: '9bc33a9713dd4a27fdfe70a7de392310') in 0.0175812 seconds
Number of updated asset objects reloaded before import = 0Number of asset objects unloaded after import = 9

========================================================================
Received Import Request.
  Time since last request: 0.000024 seconds.
  path: Assets/Prefabs/Organik/Peach.prefab
  artifactKey: Guid(4134b9b4081f4a842ac1b0f1d05c5060) Importer(815301076,1909f56bfc062723c751e8b465ee728b)
Start importing Assets/Prefabs/Organik/Peach.prefab using Guid(4134b9b4081f4a842ac1b0f1d05c5060) Importer(815301076,1909f56bfc062723c751e8b465ee728b) (PreviewImporter) -> (artifact id: '27cd27558aacb13930e92eb8dfe6c8f2') in 0.0267518 seconds
Number of updated asset objects reloaded before import = 0Number of asset objects unloaded after import = 9

Editor requested this worker to shutdown with reason: Scaling down because of idle timeout
AssetImportWorker is now disconnected from the server
Process exiting
Exiting without the bug reporter. Application will terminate with return code 0